c:\users\joaquin r. martinez\documents\visual studio 2013\projects\multimedia\05-05-2016\05-05-2016\debug\my05052016.myform.resources
c:\users\joaquin r. martinez\documents\visual studio 2013\projects\multimedia\05-05-2016\05-05-2016\debug\vc120.pdb
c:\users\joaquin r. martinez\documents\visual studio 2013\projects\multimedia\05-05-2016\05-05-2016\debug\.netframework,version=v4.5.assemblyattributes.obj
c:\users\joaquin r. martinez\documents\visual studio 2013\projects\multimedia\05-05-2016\05-05-2016\debug\myform.obj
c:\users\joaquin r. martinez\documents\visual studio 2013\projects\multimedia\05-05-2016\05-05-2016\debug\main.obj
c:\users\joaquin r. martinez\documents\visual studio 2013\projects\multimedia\05-05-2016\debug\05-05-2016.exe
c:\users\joaquin r. martinez\documents\visual studio 2013\projects\multimedia\05-05-2016\debug\05-05-2016.pdb
c:\users\joaquin r. martinez\documents\visual studio 2013\projects\multimedia\05-05-2016\05-05-2016\debug\05-05-2016.tlog\metagen.write.1.tlog
c:\users\joaquin r. martinez\documents\visual studio 2013\projects\multimedia\05-05-2016\05-05-2016\debug\05-05-2016.vcxproj.generateresource.cache
c:\users\joaquin r. martinez\documents\visual studio 2013\projects\multimedia\05-05-2016\05-05-2016\debug\05-05-2016.vcxproj.resolvecomreference.cache
c:\users\joaquin r. martinez\documents\visual studio 2013\projects\multimedia\05-05-2016\05-05-2016\debug\05-05-2016.vcxprojresolveassemblyreference.cache
c:\users\joaquin r. martinez\documents\visual studio 2013\projects\multimedia\05-05-2016\05-05-2016\debug\05-05-2016.tlog\05-05-2016.write.1u.tlog
c:\users\joaquin r. martinez\documents\visual studio 2013\projects\multimedia\05-05-2016\05-05-2016\debug\05-05-2016.tlog\cl.command.1.tlog
c:\users\joaquin r. martinez\documents\visual studio 2013\projects\multimedia\05-05-2016\05-05-2016\debug\05-05-2016.tlog\cl.read.1.tlog
c:\users\joaquin r. martinez\documents\visual studio 2013\projects\multimedia\05-05-2016\05-05-2016\debug\05-05-2016.tlog\cl.write.1.tlog
c:\users\joaquin r. martinez\documents\visual studio 2013\projects\multimedia\05-05-2016\05-05-2016\debug\05-05-2016.tlog\link.command.1.tlog
c:\users\joaquin r. martinez\documents\visual studio 2013\projects\multimedia\05-05-2016\05-05-2016\debug\05-05-2016.tlog\link.read.1.tlog
c:\users\joaquin r. martinez\documents\visual studio 2013\projects\multimedia\05-05-2016\05-05-2016\debug\05-05-2016.tlog\link.write.1.tlog
c:\users\joaquin r. martinez\documents\visual studio 2013\projects\multimedia\05-05-2016\05-05-2016\debug\05-05-2016.tlog\metagen.read.1.tlog
c:\users\joaquin r. martinez\documents\visual studio 2013\projects\multimedia\05-05-2016\05-05-2016\debug\05-05-2016.tlog\axinterop.wmplib.1.0.dll.metagen
c:\users\joaquin r. martinez\documents\visual studio 2013\projects\multimedia\05-05-2016\05-05-2016\debug\05-05-2016.tlog\interop.wmplib.1.0.dll.metagen
c:\users\joaquin r. martinez\documents\visual studio 2013\projects\multimedia\05-05-2016\05-05-2016\debug\05-05-2016.tlog\tzres.dll.bi
