Compilación iniciada a las 25/11/2015 08:25:45 a. m..
     1>Proyecto "E:\musica (2)\Visual Studio 2013\Projects\ProgramacionEstructurada\QuickSort\QuickSort\QuickSort.vcxproj" en el nodo 2 (Build destinos).
     1>ClCompile:
         C:\Program Files (x86)\Microsoft Visual Studio 12.0\VC\bin\CL.exe /c /Zi /nologo /W3 /WX- /sdl /O2 /Oi /Oy- /GL /D WIN32 /D NDEBUG /D _CONSOLE /D _LIB /D _UNICODE /D UNICODE /Gm- /EHsc /MD /GS /Gy /fp:precise /Zc:wchar_t /Zc:forScope /Yu"stdafx.h" /Fp"Release\QuickSort.pch" /Fo"Release\\" /Fd"Release\vc120.pdb" /Gd /TP /analyze- /errorReport:prompt Lista.cpp
         Lista.cpp
     1>Lista.cpp(29): warning C4018: '<' : no coinciden signed/unsigned
     1>Lista.cpp(31): warning C4018: '<' : no coinciden signed/unsigned
     1>Lista.cpp(113): warning C4018: '<' : no coinciden signed/unsigned
     1>Lista.cpp(138): warning C4018: '<' : no coinciden signed/unsigned
     1>Lista.cpp(151): warning C4018: '<=' : no coinciden signed/unsigned
       Link:
         C:\Program Files (x86)\Microsoft Visual Studio 12.0\VC\bin\link.exe /ERRORREPORT:PROMPT /OUT:"E:\musica (2)\Visual Studio 2013\Projects\ProgramacionEstructurada\QuickSort\Release\QuickSort.exe" /INCREMENTAL:NO /NOLOGO kernel32.lib user32.lib gdi32.lib winspool.lib comdlg32.lib advapi32.lib shell32.lib ole32.lib oleaut32.lib uuid.lib odbc32.lib odbccp32.lib /MANIFEST /MANIFESTUAC:"level='asInvoker' uiAccess='false'" /manifest:embed /DEBUG /PDB:"E:\musica (2)\Visual Studio 2013\Projects\ProgramacionEstructurada\QuickSort\Release\QuickSort.pdb" /SUBSYSTEM:CONSOLE /OPT:REF /OPT:ICF /LTCG /TLBID:1 /DYNAMICBASE /NXCOMPAT /IMPLIB:"E:\musica (2)\Visual Studio 2013\Projects\ProgramacionEstructurada\QuickSort\Release\QuickSort.lib" /MACHINE:X86 /SAFESEH Release\Lista.obj
         Release\Nodo.obj
         Release\QuickSort.obj
         Release\stdafx.obj
         Generando código
     1>e:\musica (2)\visual studio 2013\projects\programacionestructurada\quicksort\quicksort\lista.cpp(25): warning C4715: 'Lista::getLast' : no todas las rutas de acceso de control devuelven un valor
         Generación de código finalizada
         QuickSort.vcxproj -> E:\musica (2)\Visual Studio 2013\Projects\ProgramacionEstructurada\QuickSort\Release\QuickSort.exe
     1>Compilación del proyecto terminada "E:\musica (2)\Visual Studio 2013\Projects\ProgramacionEstructurada\QuickSort\QuickSort\QuickSort.vcxproj" (Build destinos).

Compilación correcta.

Tiempo transcurrido 00:00:02.68
