Compilación iniciada a las 25/04/2016 01:20:50 p. m..
     1>Proyecto "C:\Users\Joaquin R. Martinez\documents\visual studio 2013\Projects\Tablas_hash_II\Tablas_hash_II\Tablas_hash_II.vcxproj" en el nodo 2 (Rebuild destinos).
     1>ClCompile:
         C:\Program Files (x86)\Microsoft Visual Studio 12.0\VC\bin\CL.exe /c /ZI /nologo /W3 /WX- /sdl /Od /Oy- /D WIN32 /D _DEBUG /D _CONSOLE /D _LIB /D _UNICODE /D UNICODE /Gm /EHsc /RTC1 /MDd /GS /fp:precise /Zc:wchar_t /Zc:forScope /Yc"stdafx.h" /Fp"Debug\Tablas_hash_II.pch" /Fo"Debug\\" /Fd"Debug\vc120.pdb" /Gd /TP /analyze- /errorReport:prompt stdafx.cpp
         stdafx.cpp
         C:\Program Files (x86)\Microsoft Visual Studio 12.0\VC\bin\CL.exe /c /ZI /nologo /W3 /WX- /sdl /Od /Oy- /D WIN32 /D _DEBUG /D _CONSOLE /D _LIB /D _UNICODE /D UNICODE /Gm /EHsc /RTC1 /MDd /GS /fp:precise /Zc:wchar_t /Zc:forScope /Yu"stdafx.h" /Fp"Debug\Tablas_hash_II.pch" /Fo"Debug\\" /Fd"Debug\vc120.pdb" /Gd /TP /analyze- /errorReport:prompt Letra.cpp Lista.cpp nodo.cpp NodoHash.cpp main.cpp TablaHash.cpp
         TablaHash.cpp
     1>c:\users\joaquin r. martinez\documents\visual studio 2013\projects\tablas_hash_ii\tablas_hash_ii\tablahash.cpp(104): warning C4018: '<' : no coinciden signed/unsigned
         main.cpp
         NodoHash.cpp
         nodo.cpp
         Lista.cpp
         Letra.cpp
         Generando código...
       Link:
         C:\Program Files (x86)\Microsoft Visual Studio 12.0\VC\bin\link.exe /ERRORREPORT:PROMPT /OUT:"C:\Users\Joaquin R. Martinez\documents\visual studio 2013\Projects\Tablas_hash_II\Debug\Tablas_hash_II.exe" /INCREMENTAL /NOLOGO kernel32.lib user32.lib gdi32.lib winspool.lib comdlg32.lib advapi32.lib shell32.lib ole32.lib oleaut32.lib uuid.lib odbc32.lib odbccp32.lib /MANIFEST /MANIFESTUAC:"level='asInvoker' uiAccess='false'" /manifest:embed /DEBUG /PDB:"C:\Users\Joaquin R. Martinez\documents\visual studio 2013\Projects\Tablas_hash_II\Debug\Tablas_hash_II.pdb" /SUBSYSTEM:CONSOLE /TLBID:1 /DYNAMICBASE /NXCOMPAT /IMPLIB:"C:\Users\Joaquin R. Martinez\documents\visual studio 2013\Projects\Tablas_hash_II\Debug\Tablas_hash_II.lib" /MACHINE:X86 Debug\Letra.obj
         Debug\Lista.obj
         Debug\nodo.obj
         Debug\NodoHash.obj
         Debug\stdafx.obj
         Debug\main.obj
         Debug\TablaHash.obj
         Tablas_hash_II.vcxproj -> C:\Users\Joaquin R. Martinez\documents\visual studio 2013\Projects\Tablas_hash_II\Debug\Tablas_hash_II.exe
     1>Compilación del proyecto terminada "C:\Users\Joaquin R. Martinez\documents\visual studio 2013\Projects\Tablas_hash_II\Tablas_hash_II\Tablas_hash_II.vcxproj" (Rebuild destinos).

Compilación correcta.

Tiempo transcurrido 00:00:03.48
