c:\users\joaquin r. martinez\documents\visual studio 2013\projects\analizadorlexico\analizadorlexico\debug\vc120.pdb
c:\users\joaquin r. martinez\documents\visual studio 2013\projects\analizadorlexico\analizadorlexico\debug\logica.obj
c:\users\joaquin r. martinez\documents\visual studio 2013\projects\analizadorlexico\analizadorlexico\debug\instr.obj
c:\users\joaquin r. martinez\documents\visual studio 2013\projects\analizadorlexico\analizadorlexico\debug\if.obj
c:\users\joaquin r. martinez\documents\visual studio 2013\projects\analizadorlexico\analizadorlexico\debug\id.obj
c:\users\joaquin r. martinez\documents\visual studio 2013\projects\analizadorlexico\analizadorlexico\debug\hashtableal.obj
c:\users\joaquin r. martinez\documents\visual studio 2013\projects\analizadorlexico\analizadorlexico\debug\expr.obj
c:\users\joaquin r. martinez\documents\visual studio 2013\projects\analizadorlexico\analizadorlexico\debug\etiqueta.obj
c:\users\joaquin r. martinez\documents\visual studio 2013\projects\analizadorlexico\analizadorlexico\debug\estelem.obj
c:\users\joaquin r. martinez\documents\visual studio 2013\projects\analizadorlexico\analizadorlexico\debug\est.obj
c:\users\joaquin r. martinez\documents\visual studio 2013\projects\analizadorlexico\analizadorlexico\debug\ent.obj
c:\users\joaquin r. martinez\documents\visual studio 2013\projects\analizadorlexico\analizadorlexico\debug\else.obj
c:\users\joaquin r. martinez\documents\visual studio 2013\projects\analizadorlexico\analizadorlexico\debug\do.obj
c:\users\joaquin r. martinez\documents\visual studio 2013\projects\analizadorlexico\analizadorlexico\debug\constante.obj
c:\users\joaquin r. martinez\documents\visual studio 2013\projects\analizadorlexico\analizadorlexico\debug\break.obj
c:\users\joaquin r. martinez\documents\visual studio 2013\projects\analizadorlexico\analizadorlexico\debug\arreglo.obj
c:\users\joaquin r. martinez\documents\visual studio 2013\projects\analizadorlexico\analizadorlexico\debug\arit.obj
c:\users\joaquin r. martinez\documents\visual studio 2013\projects\analizadorlexico\analizadorlexico\debug\and.obj
c:\users\joaquin r. martinez\documents\visual studio 2013\projects\analizadorlexico\analizadorlexico\debug\analizadorlexico.obj
c:\users\joaquin r. martinez\documents\visual studio 2013\projects\analizadorlexico\analizadorlexico\debug\analizador.obj
c:\users\joaquin r. martinez\documents\visual studio 2013\projects\analizadorlexico\analizadorlexico\debug\acceso.obj
c:\users\joaquin r. martinez\documents\visual studio 2013\projects\analizadorlexico\analizadorlexico\debug\while.obj
c:\users\joaquin r. martinez\documents\visual studio 2013\projects\analizadorlexico\analizadorlexico\debug\unario.obj
c:\users\joaquin r. martinez\documents\visual studio 2013\projects\analizadorlexico\analizadorlexico\debug\token.obj
c:\users\joaquin r. martinez\documents\visual studio 2013\projects\analizadorlexico\analizadorlexico\debug\tipo.obj
c:\users\joaquin r. martinez\documents\visual studio 2013\projects\analizadorlexico\analizadorlexico\debug\temp.obj
c:\users\joaquin r. martinez\documents\visual studio 2013\projects\analizadorlexico\analizadorlexico\debug\sec.obj
c:\users\joaquin r. martinez\documents\visual studio 2013\projects\analizadorlexico\analizadorlexico\debug\rel.obj
c:\users\joaquin r. martinez\documents\visual studio 2013\projects\analizadorlexico\analizadorlexico\debug\real.obj
c:\users\joaquin r. martinez\documents\visual studio 2013\projects\analizadorlexico\analizadorlexico\debug\palabra.obj
c:\users\joaquin r. martinez\documents\visual studio 2013\projects\analizadorlexico\analizadorlexico\debug\or.obj
c:\users\joaquin r. martinez\documents\visual studio 2013\projects\analizadorlexico\analizadorlexico\debug\op.obj
c:\users\joaquin r. martinez\documents\visual studio 2013\projects\analizadorlexico\analizadorlexico\debug\numero.obj
c:\users\joaquin r. martinez\documents\visual studio 2013\projects\analizadorlexico\analizadorlexico\debug\not.obj
c:\users\joaquin r. martinez\documents\visual studio 2013\projects\analizadorlexico\analizadorlexico\debug\nodo.obj
c:\users\joaquin r. martinez\documents\visual studio 2013\projects\analizadorlexico\analizadorlexico\debug\main.obj
c:\users\joaquin r. martinez\documents\visual studio 2013\projects\analizadorlexico\analizadorlexico\debug\.netframework,version=v4.0.assemblyattributes.obj
c:\users\joaquin r. martinez\documents\visual studio 2013\projects\analizadorlexico\debug\analizadorlexico.exe
c:\users\joaquin r. martinez\documents\visual studio 2013\projects\analizadorlexico\debug\analizadorlexico.pdb
c:\users\joaquin r. martinez\documents\visual studio 2013\projects\analizadorlexico\analizadorlexico\debug\analizadorlexico.tlog\cl.command.1.tlog
c:\users\joaquin r. martinez\documents\visual studio 2013\projects\analizadorlexico\analizadorlexico\debug\analizadorlexico.tlog\cl.read.1.tlog
c:\users\joaquin r. martinez\documents\visual studio 2013\projects\analizadorlexico\analizadorlexico\debug\analizadorlexico.tlog\cl.write.1.tlog
c:\users\joaquin r. martinez\documents\visual studio 2013\projects\analizadorlexico\analizadorlexico\debug\analizadorlexico.tlog\link.command.1.tlog
c:\users\joaquin r. martinez\documents\visual studio 2013\projects\analizadorlexico\analizadorlexico\debug\analizadorlexico.tlog\link.read.1.tlog
c:\users\joaquin r. martinez\documents\visual studio 2013\projects\analizadorlexico\analizadorlexico\debug\analizadorlexico.tlog\link.write.1.tlog
c:\users\joaquin r. martinez\documents\visual studio 2013\projects\analizadorlexico\analizadorlexico\debug\analizadorlexico.tlog\metagen.read.1.tlog
c:\users\joaquin r. martinez\documents\visual studio 2013\projects\analizadorlexico\analizadorlexico\debug\analizadorlexico.tlog\metagen.write.1.tlog
c:\users\joaquin r. martinez\documents\visual studio 2013\projects\analizadorlexico\analizadorlexico\debug\analizadorlexico.tlog\tzres.dll.bi
