Compilación iniciada a las 02/03/2016 02:37:15 p. m..
     1>Proyecto "C:\Users\Joaquin R. Martinez\documents\visual studio 2013\Projects\Automata\Automata\Automata.vcxproj" en el nodo 2 (Build destinos).
     1>ClCompile:
         C:\Program Files (x86)\Microsoft Visual Studio 12.0\VC\bin\CL.exe /c /ZI /nologo /W3 /WX- /sdl /Od /Oy- /D WIN32 /D _DEBUG /D _CONSOLE /D _LIB /D _UNICODE /D UNICODE /Gm /EHsc /RTC1 /MDd /GS /fp:precise /Zc:wchar_t /Zc:forScope /Yu"stdafx.h" /Fp"Debug\Automata.pch" /Fo"Debug\\" /Fd"Debug\vc120.pdb" /Gd /TP /analyze- /errorReport:prompt Automata.cpp
         Automata.cpp
     1>c:\users\joaquin r. martinez\documents\visual studio 2013\projects\automata\automata\automata.cpp(103): warning C4018: '<' : no coinciden signed/unsigned
     1>c:\users\joaquin r. martinez\documents\visual studio 2013\projects\automata\automata\lista.cpp(36): warning C4018: '<' : no coinciden signed/unsigned
                 c:\users\joaquin r. martinez\documents\visual studio 2013\projects\automata\automata\lista.cpp(34) : durante la compilación de la función miembro de plantilla de clase 'Nodo<tipo> *Lista<tipo>::getNodeAt(int)'
                 with
                 [
                     tipo=std::string
                 ]
                 c:\users\joaquin r. martinez\documents\visual studio 2013\projects\automata\automata\lista.cpp(80) : vea la referencia a la creación de instancias de plantilla de función 'Nodo<tipo> *Lista<tipo>::getNodeAt(int)' que se está compilando
                 with
                 [
                     tipo=std::string
                 ]
                 c:\users\joaquin r. martinez\documents\visual studio 2013\projects\automata\automata\lista.cpp(10) : durante la compilación de la función miembro de plantilla de clase 'Lista<std::string>::Lista(void)'
                 c:\users\joaquin r. martinez\documents\visual studio 2013\projects\automata\automata\automata.cpp(16) : vea la referencia a la creación de instancias de plantilla de función 'Lista<std::string>::Lista(void)' que se está compilando
                 c:\users\joaquin r. martinez\documents\visual studio 2013\projects\automata\automata\automata.cpp(16) : vea la referencia a la creación de instancias de plantilla de clase 'Lista<std::string>' que se está compilando
     1>c:\users\joaquin r. martinez\documents\visual studio 2013\projects\automata\automata\lista.cpp(38): warning C4018: '<' : no coinciden signed/unsigned
     1>c:\users\joaquin r. martinez\documents\visual studio 2013\projects\automata\automata\lista.cpp(96): warning C4018: '<' : no coinciden signed/unsigned
                 c:\users\joaquin r. martinez\documents\visual studio 2013\projects\automata\automata\lista.cpp(95) : durante la compilación de la función miembro de plantilla de clase 'void Lista<std::string>::removeElementAt(int)'
                 c:\users\joaquin r. martinez\documents\visual studio 2013\projects\automata\automata\lista.cpp(155) : vea la referencia a la creación de instancias de plantilla de función 'void Lista<std::string>::removeElementAt(int)' que se está compilando
     1>c:\users\joaquin r. martinez\documents\visual studio 2013\projects\automata\automata\lista.cpp(31): warning C4715: 'Lista<std::basic_string<char,std::char_traits<char>,std::allocator<char> > >::getLast' : no todas las rutas de acceso de control devuelven un valor
       Link:
         C:\Program Files (x86)\Microsoft Visual Studio 12.0\VC\bin\link.exe /ERRORREPORT:PROMPT /OUT:"C:\Users\Joaquin R. Martinez\documents\visual studio 2013\Projects\Automata\Debug\Automata.exe" /INCREMENTAL /NOLOGO kernel32.lib user32.lib gdi32.lib winspool.lib comdlg32.lib advapi32.lib shell32.lib ole32.lib oleaut32.lib uuid.lib odbc32.lib odbccp32.lib /MANIFEST /MANIFESTUAC:"level='asInvoker' uiAccess='false'" /manifest:embed /DEBUG /PDB:"C:\Users\Joaquin R. Martinez\documents\visual studio 2013\Projects\Automata\Debug\Automata.pdb" /SUBSYSTEM:CONSOLE /TLBID:1 /DYNAMICBASE /NXCOMPAT /IMPLIB:"C:\Users\Joaquin R. Martinez\documents\visual studio 2013\Projects\Automata\Debug\Automata.lib" /MACHINE:X86 Debug\Automata.obj
         Debug\Estado.obj
         Debug\Lista.obj
         Debug\Nodo.obj
         Debug\Par.obj
         Debug\stdafx.obj
         Debug\Transicion.obj
         Automata.vcxproj -> C:\Users\Joaquin R. Martinez\documents\visual studio 2013\Projects\Automata\Debug\Automata.exe
     1>Compilación del proyecto terminada "C:\Users\Joaquin R. Martinez\documents\visual studio 2013\Projects\Automata\Automata\Automata.vcxproj" (Build destinos).

Compilación correcta.

Tiempo transcurrido 00:00:04.20
