c:\users\rammarj\documents\visual studio 2013\projects\ppx1\ppx1\debug\vc120.pdb
c:\users\rammarj\documents\visual studio 2013\projects\ppx1\ppx1\debug\util.obj
c:\users\rammarj\documents\visual studio 2013\projects\ppx1\ppx1\debug\usuario.obj
c:\users\rammarj\documents\visual studio 2013\projects\ppx1\ppx1\debug\producto.obj
c:\users\rammarj\documents\visual studio 2013\projects\ppx1\ppx1\debug\main.obj
c:\users\rammarj\documents\visual studio 2013\projects\ppx1\ppx1\debug\inicio.obj
c:\users\rammarj\documents\visual studio 2013\projects\ppx1\ppx1\debug\conexion.obj
c:\users\rammarj\documents\visual studio 2013\projects\ppx1\ppx1\debug\.netframework,version=v4.5.assemblyattributes.obj
c:\users\rammarj\documents\visual studio 2013\projects\ppx1\debug\ppx1.exe
c:\users\rammarj\documents\visual studio 2013\projects\ppx1\debug\ppx1.pdb
c:\users\rammarj\documents\visual studio 2013\projects\ppx1\ppx1\debug\ppx1.tlog\metagen.write.1.tlog
c:\users\rammarj\documents\visual studio 2013\projects\ppx1\ppx1\debug\ppx1.inicio.resources
c:\users\rammarj\documents\visual studio 2013\projects\ppx1\ppx1\debug\ppx1.login.resources
c:\users\rammarj\documents\visual studio 2013\projects\ppx1\ppx1\debug\ppx1.producto.resources
c:\users\rammarj\documents\visual studio 2013\projects\ppx1\ppx1\debug\ppx1.res
c:\users\rammarj\documents\visual studio 2013\projects\ppx1\ppx1\debug\ppx1.vcxproj.generateresource.cache
c:\users\rammarj\documents\visual studio 2013\projects\ppx1\ppx1\debug\ppx1.vcxproj.resolvecomreference.cache
c:\users\rammarj\documents\visual studio 2013\projects\ppx1\ppx1\debug\ppx1.vcxprojresolveassemblyreference.cache
c:\users\rammarj\documents\visual studio 2013\projects\ppx1\ppx1\debug\ppx1.tlog\cl.command.1.tlog
c:\users\rammarj\documents\visual studio 2013\projects\ppx1\ppx1\debug\ppx1.tlog\cl.read.1.tlog
c:\users\rammarj\documents\visual studio 2013\projects\ppx1\ppx1\debug\ppx1.tlog\cl.write.1.tlog
c:\users\rammarj\documents\visual studio 2013\projects\ppx1\ppx1\debug\ppx1.tlog\link.command.1.tlog
c:\users\rammarj\documents\visual studio 2013\projects\ppx1\ppx1\debug\ppx1.tlog\link.read.1.tlog
c:\users\rammarj\documents\visual studio 2013\projects\ppx1\ppx1\debug\ppx1.tlog\link.write.1.tlog
c:\users\rammarj\documents\visual studio 2013\projects\ppx1\ppx1\debug\ppx1.tlog\metagen.read.1.tlog
c:\users\rammarj\documents\visual studio 2013\projects\ppx1\ppx1\debug\ppx1.tlog\ppx1.write.1u.tlog
c:\users\rammarj\documents\visual studio 2013\projects\ppx1\ppx1\debug\ppx1.tlog\rc.command.1.tlog
c:\users\rammarj\documents\visual studio 2013\projects\ppx1\ppx1\debug\ppx1.tlog\rc.read.1.tlog
c:\users\rammarj\documents\visual studio 2013\projects\ppx1\ppx1\debug\ppx1.tlog\rc.write.1.tlog
c:\users\rammarj\documents\visual studio 2013\projects\ppx1\ppx1\debug\ppx1.tlog\axinterop.wmplib.1.0.dll.metagen
c:\users\rammarj\documents\visual studio 2013\projects\ppx1\ppx1\debug\ppx1.tlog\interop.wmplib.1.0.dll.metagen
c:\users\rammarj\documents\visual studio 2013\projects\ppx1\ppx1\debug\ppx1.tlog\mysql.data.dll.metagen
c:\users\rammarj\documents\visual studio 2013\projects\ppx1\ppx1\debug\ppx1.tlog\tzres.dll.bi
