Compilación iniciada a las 15/03/2016 05:16:00 a. m..
     1>Proyecto "E:\musica (2)\Visual Studio 2013\Projects\EstructuraDeDatosAvanzada\ListaTemplate\ListaTemplate\ListaTemplate.vcxproj" en el nodo 2 (Build destinos).
     1>ClCompile:
         C:\Program Files (x86)\Microsoft Visual Studio 12.0\VC\bin\CL.exe /c /ZI /nologo /W3 /WX- /sdl /Od /Oy- /D WIN32 /D _DEBUG /D _CONSOLE /D _LIB /D _UNICODE /D UNICODE /Gm /EHsc /RTC1 /MDd /GS /fp:precise /Zc:wchar_t /Zc:forScope /Yu"stdafx.h" /Fp"Debug\ListaTemplate.pch" /Fo"Debug\\" /Fd"Debug\vc120.pdb" /Gd /TP /analyze- /errorReport:prompt Lista.cpp ListaTemplate.cpp
         ListaTemplate.cpp
     1>e:\musica (2)\visual studio 2013\projects\estructuradedatosavanzada\listatemplate\listatemplate\lista.cpp(9): warning C4812: estilo de declaración obsoleto: utilice 'Lista<tipo>::Lista' en su lugar
     1>e:\musica (2)\visual studio 2013\projects\estructuradedatosavanzada\listatemplate\listatemplate\lista.cpp(310): warning C4812: estilo de declaración obsoleto: utilice 'Lista<tipo>::~Lista' en su lugar
     1>e:\musica (2)\visual studio 2013\projects\estructuradedatosavanzada\listatemplate\listatemplate\listatemplate.cpp(13): warning C4101: 'pos' : variable local sin referencia
     1>e:\musica (2)\visual studio 2013\projects\estructuradedatosavanzada\listatemplate\listatemplate\lista.cpp(9): warning C4812: estilo de declaración obsoleto: utilice 'Lista<int>::Lista' en su lugar
                 e:\musica (2)\visual studio 2013\projects\estructuradedatosavanzada\listatemplate\listatemplate\lista.cpp(10) : durante la compilación de la función miembro de plantilla de clase 'Lista<int>::Lista(void)'
                 e:\musica (2)\visual studio 2013\projects\estructuradedatosavanzada\listatemplate\listatemplate\listatemplate.cpp(12) : vea la referencia a la creación de instancias de plantilla de función 'Lista<int>::Lista(void)' que se está compilando
                 e:\musica (2)\visual studio 2013\projects\estructuradedatosavanzada\listatemplate\listatemplate\listatemplate.cpp(12) : vea la referencia a la creación de instancias de plantilla de clase 'Lista<int>' que se está compilando
     1>e:\musica (2)\visual studio 2013\projects\estructuradedatosavanzada\listatemplate\listatemplate\lista.cpp(277): warning C4018: '<' : no coinciden signed/unsigned
                 e:\musica (2)\visual studio 2013\projects\estructuradedatosavanzada\listatemplate\listatemplate\lista.cpp(271) : durante la compilación de la función miembro de plantilla de clase 'Lista<int> *Lista<int>::find_binaria(tipo)'
                 with
                 [
                     tipo=int
                 ]
                 e:\musica (2)\visual studio 2013\projects\estructuradedatosavanzada\listatemplate\listatemplate\listatemplate.cpp(38) : vea la referencia a la creación de instancias de plantilla de función 'Lista<int> *Lista<int>::find_binaria(tipo)' que se está compilando
                 with
                 [
                     tipo=int
                 ]
     1>e:\musica (2)\visual studio 2013\projects\estructuradedatosavanzada\listatemplate\listatemplate\lista.cpp(310): warning C4812: estilo de declaración obsoleto: utilice 'Lista<int>::~Lista' en su lugar
                 e:\musica (2)\visual studio 2013\projects\estructuradedatosavanzada\listatemplate\listatemplate\lista.cpp(310) : durante la compilación de la función miembro de plantilla de clase 'Lista<int>::~Lista(void)'
                 e:\musica (2)\visual studio 2013\projects\estructuradedatosavanzada\listatemplate\listatemplate\listatemplate.cpp(47) : vea la referencia a la creación de instancias de plantilla de función 'Lista<int>::~Lista(void)' que se está compilando
     1>e:\musica (2)\visual studio 2013\projects\estructuradedatosavanzada\listatemplate\listatemplate\lista.cpp(36): warning C4018: '<' : no coinciden signed/unsigned
                 e:\musica (2)\visual studio 2013\projects\estructuradedatosavanzada\listatemplate\listatemplate\lista.cpp(34) : durante la compilación de la función miembro de plantilla de clase 'Nodo<tipo> *Lista<tipo>::getNodeAt(int)'
                 with
                 [
                     tipo=int
                 ]
                 e:\musica (2)\visual studio 2013\projects\estructuradedatosavanzada\listatemplate\listatemplate\lista.cpp(80) : vea la referencia a la creación de instancias de plantilla de función 'Nodo<tipo> *Lista<tipo>::getNodeAt(int)' que se está compilando
                 with
                 [
                     tipo=int
                 ]
                 e:\musica (2)\visual studio 2013\projects\estructuradedatosavanzada\listatemplate\listatemplate\lista.cpp(10) : durante la compilación de la función miembro de plantilla de clase 'Lista<int>::Lista(void)'
                 e:\musica (2)\visual studio 2013\projects\estructuradedatosavanzada\listatemplate\listatemplate\listatemplate.cpp(12) : vea la referencia a la creación de instancias de plantilla de función 'Lista<int>::Lista(void)' que se está compilando
     1>e:\musica (2)\visual studio 2013\projects\estructuradedatosavanzada\listatemplate\listatemplate\lista.cpp(38): warning C4018: '<' : no coinciden signed/unsigned
     1>e:\musica (2)\visual studio 2013\projects\estructuradedatosavanzada\listatemplate\listatemplate\lista.cpp(96): warning C4018: '<' : no coinciden signed/unsigned
                 e:\musica (2)\visual studio 2013\projects\estructuradedatosavanzada\listatemplate\listatemplate\lista.cpp(95) : durante la compilación de la función miembro de plantilla de clase 'void Lista<int>::removeElementAt(int)'
                 e:\musica (2)\visual studio 2013\projects\estructuradedatosavanzada\listatemplate\listatemplate\lista.cpp(155) : vea la referencia a la creación de instancias de plantilla de función 'void Lista<int>::removeElementAt(int)' que se está compilando
                 e:\musica (2)\visual studio 2013\projects\estructuradedatosavanzada\listatemplate\listatemplate\lista.cpp(17) : durante la compilación de la función miembro de plantilla de clase 'Nodo<tipo> *Lista<tipo>::getLast(Nodo<tipo> *)'
                 with
                 [
                     tipo=int
                 ]
                 e:\musica (2)\visual studio 2013\projects\estructuradedatosavanzada\listatemplate\listatemplate\lista.cpp(57) : vea la referencia a la creación de instancias de plantilla de función 'Nodo<tipo> *Lista<tipo>::getLast(Nodo<tipo> *)' que se está compilando
                 with
                 [
                     tipo=int
                 ]
         Lista.cpp
     1>e:\musica (2)\visual studio 2013\projects\estructuradedatosavanzada\listatemplate\listatemplate\lista.cpp(9): warning C4812: estilo de declaración obsoleto: utilice 'Lista<tipo>::Lista' en su lugar
     1>e:\musica (2)\visual studio 2013\projects\estructuradedatosavanzada\listatemplate\listatemplate\lista.cpp(310): warning C4812: estilo de declaración obsoleto: utilice 'Lista<tipo>::~Lista' en su lugar
         Generando código...
     1>e:\musica (2)\visual studio 2013\projects\estructuradedatosavanzada\listatemplate\listatemplate\lista.cpp(31): warning C4715: 'Lista<int>::getLast' : no todas las rutas de acceso de control devuelven un valor
       Link:
         C:\Program Files (x86)\Microsoft Visual Studio 12.0\VC\bin\link.exe /ERRORREPORT:PROMPT /OUT:"E:\musica (2)\Visual Studio 2013\Projects\EstructuraDeDatosAvanzada\ListaTemplate\Debug\ListaTemplate.exe" /INCREMENTAL /NOLOGO kernel32.lib user32.lib gdi32.lib winspool.lib comdlg32.lib advapi32.lib shell32.lib ole32.lib oleaut32.lib uuid.lib odbc32.lib odbccp32.lib /MANIFEST /MANIFESTUAC:"level='asInvoker' uiAccess='false'" /manifest:embed /DEBUG /PDB:"E:\musica (2)\Visual Studio 2013\Projects\EstructuraDeDatosAvanzada\ListaTemplate\Debug\ListaTemplate.pdb" /SUBSYSTEM:CONSOLE /TLBID:1 /DYNAMICBASE /NXCOMPAT /IMPLIB:"E:\musica (2)\Visual Studio 2013\Projects\EstructuraDeDatosAvanzada\ListaTemplate\Debug\ListaTemplate.lib" /MACHINE:X86 Debug\Lista.obj
         Debug\ListaTemplate.obj
         Debug\NodoLista.obj
         Debug\stdafx.obj
         ListaTemplate.vcxproj -> E:\musica (2)\Visual Studio 2013\Projects\EstructuraDeDatosAvanzada\ListaTemplate\Debug\ListaTemplate.exe
     1>Compilación del proyecto terminada "E:\musica (2)\Visual Studio 2013\Projects\EstructuraDeDatosAvanzada\ListaTemplate\ListaTemplate\ListaTemplate.vcxproj" (Build destinos).

Compilación correcta.

Tiempo transcurrido 00:00:04.56
