c:\users\joaquin r. martinez\documents\visual studio 2013\projects\multimedia\ppx1\ppx1\debug\vc120.pdb
c:\users\joaquin r. martinez\documents\visual studio 2013\projects\multimedia\ppx1\ppx1\debug\reporte.obj
c:\users\joaquin r. martinez\documents\visual studio 2013\projects\multimedia\ppx1\ppx1\debug\nota.obj
c:\users\joaquin r. martinez\documents\visual studio 2013\projects\multimedia\ppx1\ppx1\debug\main.obj
c:\users\joaquin r. martinez\documents\visual studio 2013\projects\multimedia\ppx1\ppx1\debug\.netframework,version=v4.5.assemblyattributes.obj
c:\users\joaquin r. martinez\documents\visual studio 2013\projects\multimedia\ppx1\debug\ppx1.exe
c:\users\joaquin r. martinez\documents\visual studio 2013\projects\multimedia\ppx1\debug\ppx1.pdb
c:\users\joaquin r. martinez\documents\visual studio 2013\projects\multimedia\ppx1\ppx1\debug\ppx1.tlog\metagen.write.1.tlog
c:\users\joaquin r. martinez\documents\visual studio 2013\projects\multimedia\ppx1\ppx1\debug\ppx1.agregarproducto.resources
c:\users\joaquin r. martinez\documents\visual studio 2013\projects\multimedia\ppx1\ppx1\debug\ppx1.inicio.resources
c:\users\joaquin r. martinez\documents\visual studio 2013\projects\multimedia\ppx1\ppx1\debug\ppx1.listareproduccion.resources
c:\users\joaquin r. martinez\documents\visual studio 2013\projects\multimedia\ppx1\ppx1\debug\ppx1.login.resources
c:\users\joaquin r. martinez\documents\visual studio 2013\projects\multimedia\ppx1\ppx1\debug\ppx1.nota.resources
c:\users\joaquin r. martinez\documents\visual studio 2013\projects\multimedia\ppx1\ppx1\debug\ppx1.reporte.resources
c:\users\joaquin r. martinez\documents\visual studio 2013\projects\multimedia\ppx1\ppx1\debug\ppx1.vcxproj.generateresource.cache
c:\users\joaquin r. martinez\documents\visual studio 2013\projects\multimedia\ppx1\ppx1\debug\ppx1.vcxproj.resolvecomreference.cache
c:\users\joaquin r. martinez\documents\visual studio 2013\projects\multimedia\ppx1\ppx1\debug\ppx1.vcxprojresolveassemblyreference.cache
c:\users\joaquin r. martinez\documents\visual studio 2013\projects\multimedia\ppx1\ppx1\debug\ppx1.tlog\cl.command.1.tlog
c:\users\joaquin r. martinez\documents\visual studio 2013\projects\multimedia\ppx1\ppx1\debug\ppx1.tlog\cl.read.1.tlog
c:\users\joaquin r. martinez\documents\visual studio 2013\projects\multimedia\ppx1\ppx1\debug\ppx1.tlog\cl.write.1.tlog
c:\users\joaquin r. martinez\documents\visual studio 2013\projects\multimedia\ppx1\ppx1\debug\ppx1.tlog\link.command.1.tlog
c:\users\joaquin r. martinez\documents\visual studio 2013\projects\multimedia\ppx1\ppx1\debug\ppx1.tlog\link.read.1.tlog
c:\users\joaquin r. martinez\documents\visual studio 2013\projects\multimedia\ppx1\ppx1\debug\ppx1.tlog\link.write.1.tlog
c:\users\joaquin r. martinez\documents\visual studio 2013\projects\multimedia\ppx1\ppx1\debug\ppx1.tlog\metagen.read.1.tlog
c:\users\joaquin r. martinez\documents\visual studio 2013\projects\multimedia\ppx1\ppx1\debug\ppx1.tlog\ppx1.write.1u.tlog
c:\users\joaquin r. martinez\documents\visual studio 2013\projects\multimedia\ppx1\ppx1\debug\ppx1.tlog\axinterop.foxitreaderlib.1.0.dll.metagen
c:\users\joaquin r. martinez\documents\visual studio 2013\projects\multimedia\ppx1\ppx1\debug\ppx1.tlog\axinterop.wmplib.1.0.dll.metagen
c:\users\joaquin r. martinez\documents\visual studio 2013\projects\multimedia\ppx1\ppx1\debug\ppx1.tlog\interop.foxitreaderlib.1.0.dll.metagen
c:\users\joaquin r. martinez\documents\visual studio 2013\projects\multimedia\ppx1\ppx1\debug\ppx1.tlog\interop.wmplib.1.0.dll.metagen
c:\users\joaquin r. martinez\documents\visual studio 2013\projects\multimedia\ppx1\ppx1\debug\ppx1.tlog\microsoft.reportviewer.common.dll.metagen
c:\users\joaquin r. martinez\documents\visual studio 2013\projects\multimedia\ppx1\ppx1\debug\ppx1.tlog\microsoft.reportviewer.winforms.dll.metagen
c:\users\joaquin r. martinez\documents\visual studio 2013\projects\multimedia\ppx1\ppx1\debug\ppx1.tlog\mysql.data.dll.metagen
c:\users\joaquin r. martinez\documents\visual studio 2013\projects\multimedia\ppx1\ppx1\debug\ppx1.tlog\tzres.dll.bi
